<?xml version="1.0" encoding="UTF-8"?>
<!-- Generated by org.testng.reporters.JUnitReportReporter -->
<testsuite hostname="Teena" failures="0" tests="1" name="GoogleTest" time="7.039" errors="0" timestamp="2024-05-23T08:48:20 EDT" skipped="0">
  <testcase classname="GoogleTest" name="homePageCheck" time="7.039"/>
  <system-out/>
</testsuite> <!-- GoogleTest -->
